CRITICAL - 2022-04-26 04:17:23 --> Call to undefined method CodeIgniter\View\View::extends()
#0 C:\Users\lenovo\Documents\Aplikasi\Portofolio\spku\vendor\codeigniter4\framework\system\View\View.php(210): include()
#1 C:\Users\lenovo\Documents\Aplikasi\Portofolio\spku\vendor\codeigniter4\framework\system\View\View.php(213): CodeIgniter\View\View->CodeIgniter\View\{closure}()
#2 C:\Users\lenovo\Documents\Aplikasi\Portofolio\spku\vendor\codeigniter4\framework\system\Common.php(1089): CodeIgniter\View\View->render('home', Array, true)
#3 C:\Users\lenovo\Documents\Aplikasi\Portofolio\spku\app\Controllers\HomeController.php(11): view('home', Array)
#4 C:\Users\lenovo\Documents\Aplikasi\Portofolio\spku\vendor\codeigniter4\framework\system\CodeIgniter.php(832): App\Controllers\HomeController->index()
#5 C:\Users\lenovo\Documents\Aplikasi\Portofolio\spku\vendor\codeigniter4\framework\system\CodeIgniter.php(419): CodeIgniter\CodeIgniter->runController(Object(App\Controllers\HomeController))
#6 C:\Users\lenovo\Documents\Aplikasi\Portofolio\spku\vendor\codeigniter4\framework\system\CodeIgniter.php(326): CodeIgniter\CodeIgniter->handleRequest(NULL, Object(Config\Cache), false)
#7 C:\Users\lenovo\Documents\Aplikasi\Portofolio\spku\public\index.php(37): CodeIgniter\CodeIgniter->run()
#8 C:\Users\lenovo\Documents\Aplikasi\Portofolio\spku\vendor\codeigniter4\framework\system\Commands\Server\rewrite.php(43): require_once('C:\\Users\\lenovo...')
#9 {main}
CRITICAL - 2022-04-26 04:17:50 --> Invalid file: components.master
#0 C:\Users\lenovo\Documents\Aplikasi\Portofolio\spku\vendor\codeigniter4\framework\system\View\View.php(198): CodeIgniter\Exceptions\FrameworkException::forInvalidFile('components.mast...')
#1 C:\Users\lenovo\Documents\Aplikasi\Portofolio\spku\vendor\codeigniter4\framework\system\View\View.php(226): CodeIgniter\View\View->render('components.mast...', Array, true)
#2 C:\Users\lenovo\Documents\Aplikasi\Portofolio\spku\vendor\codeigniter4\framework\system\Common.php(1089): CodeIgniter\View\View->render('home', Array, true)
#3 C:\Users\lenovo\Documents\Aplikasi\Portofolio\spku\app\Controllers\HomeController.php(11): view('home', Array)
#4 C:\Users\lenovo\Documents\Aplikasi\Portofolio\spku\vendor\codeigniter4\framework\system\CodeIgniter.php(832): App\Controllers\HomeController->index()
#5 C:\Users\lenovo\Documents\Aplikasi\Portofolio\spku\vendor\codeigniter4\framework\system\CodeIgniter.php(419): CodeIgniter\CodeIgniter->runController(Object(App\Controllers\HomeController))
#6 C:\Users\lenovo\Documents\Aplikasi\Portofolio\spku\vendor\codeigniter4\framework\system\CodeIgniter.php(326): CodeIgniter\CodeIgniter->handleRequest(NULL, Object(Config\Cache), false)
#7 C:\Users\lenovo\Documents\Aplikasi\Portofolio\spku\public\index.php(37): CodeIgniter\CodeIgniter->run()
#8 C:\Users\lenovo\Documents\Aplikasi\Portofolio\spku\vendor\codeigniter4\framework\system\Commands\Server\rewrite.php(43): require_once('C:\\Users\\lenovo...')
#9 {main}
CRITICAL - 2022-04-26 12:45:40 --> Unmatched ')'
#0 C:\Users\lenovo\Documents\Aplikasi\Portofolio\spku\vendor\codeigniter4\framework\system\View\View.php(213): CodeIgniter\View\View->CodeIgniter\View\{closure}()
#1 C:\Users\lenovo\Documents\Aplikasi\Portofolio\spku\vendor\codeigniter4\framework\system\View\View.php(424): CodeIgniter\View\View->render('components/navb...', NULL, true)
#2 C:\Users\lenovo\Documents\Aplikasi\Portofolio\spku\app\Views\components\master.php(23): CodeIgniter\View\View->include('components/navb...')
#3 C:\Users\lenovo\Documents\Aplikasi\Portofolio\spku\vendor\codeigniter4\framework\system\View\View.php(210): include('C:\\Users\\lenovo...')
#4 C:\Users\lenovo\Documents\Aplikasi\Portofolio\spku\vendor\codeigniter4\framework\system\View\View.php(213): CodeIgniter\View\View->CodeIgniter\View\{closure}()
#5 C:\Users\lenovo\Documents\Aplikasi\Portofolio\spku\vendor\codeigniter4\framework\system\View\View.php(226): CodeIgniter\View\View->render('components/mast...', Array, true)
#6 C:\Users\lenovo\Documents\Aplikasi\Portofolio\spku\vendor\codeigniter4\framework\system\Common.php(1089): CodeIgniter\View\View->render('kriteria', Array, true)
#7 C:\Users\lenovo\Documents\Aplikasi\Portofolio\spku\app\Controllers\ViewsController.php(66): view('kriteria', Array)
#8 C:\Users\lenovo\Documents\Aplikasi\Portofolio\spku\vendor\codeigniter4\framework\system\CodeIgniter.php(832): App\Controllers\ViewsController->kriteria()
#9 C:\Users\lenovo\Documents\Aplikasi\Portofolio\spku\vendor\codeigniter4\framework\system\CodeIgniter.php(419): CodeIgniter\CodeIgniter->runController(Object(App\Controllers\ViewsController))
#10 C:\Users\lenovo\Documents\Aplikasi\Portofolio\spku\vendor\codeigniter4\framework\system\CodeIgniter.php(326): CodeIgniter\CodeIgniter->handleRequest(NULL, Object(Config\Cache), false)
#11 C:\Users\lenovo\Documents\Aplikasi\Portofolio\spku\public\index.php(37): CodeIgniter\CodeIgniter->run()
#12 C:\Users\lenovo\Documents\Aplikasi\Portofolio\spku\vendor\codeigniter4\framework\system\Commands\Server\rewrite.php(43): require_once('C:\\Users\\lenovo...')
#13 {main}
CRITICAL - 2022-04-26 12:48:25 --> Unsupported operand types: string + string
#0 C:\Users\lenovo\Documents\Aplikasi\Portofolio\spku\vendor\codeigniter4\framework\system\View\View.php(210): include()
#1 C:\Users\lenovo\Documents\Aplikasi\Portofolio\spku\vendor\codeigniter4\framework\system\View\View.php(213): CodeIgniter\View\View->CodeIgniter\View\{closure}()
#2 C:\Users\lenovo\Documents\Aplikasi\Portofolio\spku\vendor\codeigniter4\framework\system\Common.php(1089): CodeIgniter\View\View->render('project', Array, true)
#3 C:\Users\lenovo\Documents\Aplikasi\Portofolio\spku\app\Controllers\ViewsController.php(36): view('project', Array)
#4 C:\Users\lenovo\Documents\Aplikasi\Portofolio\spku\vendor\codeigniter4\framework\system\CodeIgniter.php(832): App\Controllers\ViewsController->project()
#5 C:\Users\lenovo\Documents\Aplikasi\Portofolio\spku\vendor\codeigniter4\framework\system\CodeIgniter.php(419): CodeIgniter\CodeIgniter->runController(Object(App\Controllers\ViewsController))
#6 C:\Users\lenovo\Documents\Aplikasi\Portofolio\spku\vendor\codeigniter4\framework\system\CodeIgniter.php(326): CodeIgniter\CodeIgniter->handleRequest(NULL, Object(Config\Cache), false)
#7 C:\Users\lenovo\Documents\Aplikasi\Portofolio\spku\public\index.php(37): CodeIgniter\CodeIgniter->run()
#8 C:\Users\lenovo\Documents\Aplikasi\Portofolio\spku\vendor\codeigniter4\framework\system\Commands\Server\rewrite.php(43): require_once('C:\\Users\\lenovo...')
#9 {main}
CRITICAL - 2022-04-26 12:52:48 --> Undefined variable $id
#0 C:\Users\lenovo\Documents\Aplikasi\Portofolio\spku\app\Views\kriteria.php(8): CodeIgniter\Debug\Exceptions->errorHandler(2, 'Undefined varia...', 'C:\\Users\\lenovo...', 8)
#1 C:\Users\lenovo\Documents\Aplikasi\Portofolio\spku\vendor\codeigniter4\framework\system\View\View.php(210): include('C:\\Users\\lenovo...')
#2 C:\Users\lenovo\Documents\Aplikasi\Portofolio\spku\vendor\codeigniter4\framework\system\View\View.php(213): CodeIgniter\View\View->CodeIgniter\View\{closure}()
#3 C:\Users\lenovo\Documents\Aplikasi\Portofolio\spku\vendor\codeigniter4\framework\system\Common.php(1089): CodeIgniter\View\View->render('kriteria', Array, true)
#4 C:\Users\lenovo\Documents\Aplikasi\Portofolio\spku\app\Controllers\ViewsController.php(66): view('kriteria', Array)
#5 C:\Users\lenovo\Documents\Aplikasi\Portofolio\spku\vendor\codeigniter4\framework\system\CodeIgniter.php(832): App\Controllers\ViewsController->kriteria()
#6 C:\Users\lenovo\Documents\Aplikasi\Portofolio\spku\vendor\codeigniter4\framework\system\CodeIgniter.php(419): CodeIgniter\CodeIgniter->runController(Object(App\Controllers\ViewsController))
#7 C:\Users\lenovo\Documents\Aplikasi\Portofolio\spku\vendor\codeigniter4\framework\system\CodeIgniter.php(326): CodeIgniter\CodeIgniter->handleRequest(NULL, Object(Config\Cache), false)
#8 C:\Users\lenovo\Documents\Aplikasi\Portofolio\spku\public\index.php(37): CodeIgniter\CodeIgniter->run()
#9 C:\Users\lenovo\Documents\Aplikasi\Portofolio\spku\vendor\codeigniter4\framework\system\Commands\Server\rewrite.php(43): require_once('C:\\Users\\lenovo...')
#10 {main}
