ERROR - 2022-05-06 02:28:19 --> Not unique table/alias: 'kriteria'
CRITICAL - 2022-05-06 02:28:19 --> Not unique table/alias: 'kriteria'
#0 C:\Users\lenovo\Documents\Aplikasi\Portofolio\spku\vendor\codeigniter4\framework\system\Database\MySQLi\Connection.php(292): mysqli->query('SELECT `data`.`...', 0)
#1 C:\Users\lenovo\Documents\Aplikasi\Portofolio\spku\vendor\codeigniter4\framework\system\Database\BaseConnection.php(670): CodeIgniter\Database\MySQLi\Connection->execute('SELECT `data`.`...')
#2 C:\Users\lenovo\Documents\Aplikasi\Portofolio\spku\vendor\codeigniter4\framework\system\Database\BaseConnection.php(598): CodeIgniter\Database\BaseConnection->simpleQuery('SELECT `data`.`...')
#3 C:\Users\lenovo\Documents\Aplikasi\Portofolio\spku\vendor\codeigniter4\framework\system\Database\BaseBuilder.php(1455): CodeIgniter\Database\BaseConnection->query('SELECT `data`.`...', Array, false)
#4 C:\Users\lenovo\Documents\Aplikasi\Portofolio\spku\vendor\codeigniter4\framework\system\Model.php(183): CodeIgniter\Database\BaseBuilder->get()
#5 C:\Users\lenovo\Documents\Aplikasi\Portofolio\spku\vendor\codeigniter4\framework\system\BaseModel.php(584): CodeIgniter\Model->doFindAll(0, 0)
#6 C:\Users\lenovo\Documents\Aplikasi\Portofolio\spku\app\Controllers\ViewsController.php(152): CodeIgniter\BaseModel->findAll()
#7 C:\Users\lenovo\Documents\Aplikasi\Portofolio\spku\vendor\codeigniter4\framework\system\CodeIgniter.php(832): App\Controllers\ViewsController->hasil()
#8 C:\Users\lenovo\Documents\Aplikasi\Portofolio\spku\vendor\codeigniter4\framework\system\CodeIgniter.php(419): CodeIgniter\CodeIgniter->runController(Object(App\Controllers\ViewsController))
#9 C:\Users\lenovo\Documents\Aplikasi\Portofolio\spku\vendor\codeigniter4\framework\system\CodeIgniter.php(326): CodeIgniter\CodeIgniter->handleRequest(NULL, Object(Config\Cache), false)
#10 C:\Users\lenovo\Documents\Aplikasi\Portofolio\spku\public\index.php(37): CodeIgniter\CodeIgniter->run()
#11 C:\Users\lenovo\Documents\Aplikasi\Portofolio\spku\vendor\codeigniter4\framework\system\Commands\Server\rewrite.php(43): require_once('C:\\Users\\lenovo...')
#12 {main}
ERROR - 2022-05-06 05:17:01 --> Not unique table/alias: 'kriteria'
CRITICAL - 2022-05-06 05:17:01 --> Not unique table/alias: 'kriteria'
#0 C:\Users\lenovo\Documents\Aplikasi\Portofolio\spku\vendor\codeigniter4\framework\system\Database\MySQLi\Connection.php(292): mysqli->query('SELECT `data`.`...', 0)
#1 C:\Users\lenovo\Documents\Aplikasi\Portofolio\spku\vendor\codeigniter4\framework\system\Database\BaseConnection.php(670): CodeIgniter\Database\MySQLi\Connection->execute('SELECT `data`.`...')
#2 C:\Users\lenovo\Documents\Aplikasi\Portofolio\spku\vendor\codeigniter4\framework\system\Database\BaseConnection.php(598): CodeIgniter\Database\BaseConnection->simpleQuery('SELECT `data`.`...')
#3 C:\Users\lenovo\Documents\Aplikasi\Portofolio\spku\vendor\codeigniter4\framework\system\Database\BaseBuilder.php(1455): CodeIgniter\Database\BaseConnection->query('SELECT `data`.`...', Array, false)
#4 C:\Users\lenovo\Documents\Aplikasi\Portofolio\spku\vendor\codeigniter4\framework\system\Model.php(183): CodeIgniter\Database\BaseBuilder->get()
#5 C:\Users\lenovo\Documents\Aplikasi\Portofolio\spku\vendor\codeigniter4\framework\system\BaseModel.php(584): CodeIgniter\Model->doFindAll(0, 0)
#6 C:\Users\lenovo\Documents\Aplikasi\Portofolio\spku\app\Controllers\ViewsController.php(152): CodeIgniter\BaseModel->findAll()
#7 C:\Users\lenovo\Documents\Aplikasi\Portofolio\spku\vendor\codeigniter4\framework\system\CodeIgniter.php(832): App\Controllers\ViewsController->hasil()
#8 C:\Users\lenovo\Documents\Aplikasi\Portofolio\spku\vendor\codeigniter4\framework\system\CodeIgniter.php(419): CodeIgniter\CodeIgniter->runController(Object(App\Controllers\ViewsController))
#9 C:\Users\lenovo\Documents\Aplikasi\Portofolio\spku\vendor\codeigniter4\framework\system\CodeIgniter.php(326): CodeIgniter\CodeIgniter->handleRequest(NULL, Object(Config\Cache), false)
#10 C:\Users\lenovo\Documents\Aplikasi\Portofolio\spku\public\index.php(37): CodeIgniter\CodeIgniter->run()
#11 C:\Users\lenovo\Documents\Aplikasi\Portofolio\spku\vendor\codeigniter4\framework\system\Commands\Server\rewrite.php(43): require_once('C:\\Users\\lenovo...')
#12 {main}
ERROR - 2022-05-06 05:17:14 --> Unknown column 'kriiteria.id_project' in 'where clause'
CRITICAL - 2022-05-06 05:17:14 --> Unknown column 'kriiteria.id_project' in 'where clause'
#0 C:\Users\lenovo\Documents\Aplikasi\Portofolio\spku\vendor\codeigniter4\framework\system\Database\MySQLi\Connection.php(292): mysqli->query('SELECT `data`.`...', 0)
#1 C:\Users\lenovo\Documents\Aplikasi\Portofolio\spku\vendor\codeigniter4\framework\system\Database\BaseConnection.php(670): CodeIgniter\Database\MySQLi\Connection->execute('SELECT `data`.`...')
#2 C:\Users\lenovo\Documents\Aplikasi\Portofolio\spku\vendor\codeigniter4\framework\system\Database\BaseConnection.php(598): CodeIgniter\Database\BaseConnection->simpleQuery('SELECT `data`.`...')
#3 C:\Users\lenovo\Documents\Aplikasi\Portofolio\spku\vendor\codeigniter4\framework\system\Database\BaseBuilder.php(1455): CodeIgniter\Database\BaseConnection->query('SELECT `data`.`...', Array, false)
#4 C:\Users\lenovo\Documents\Aplikasi\Portofolio\spku\vendor\codeigniter4\framework\system\Model.php(183): CodeIgniter\Database\BaseBuilder->get()
#5 C:\Users\lenovo\Documents\Aplikasi\Portofolio\spku\vendor\codeigniter4\framework\system\BaseModel.php(584): CodeIgniter\Model->doFindAll(0, 0)
#6 C:\Users\lenovo\Documents\Aplikasi\Portofolio\spku\app\Controllers\ViewsController.php(153): CodeIgniter\BaseModel->findAll()
#7 C:\Users\lenovo\Documents\Aplikasi\Portofolio\spku\vendor\codeigniter4\framework\system\CodeIgniter.php(832): App\Controllers\ViewsController->hasil()
#8 C:\Users\lenovo\Documents\Aplikasi\Portofolio\spku\vendor\codeigniter4\framework\system\CodeIgniter.php(419): CodeIgniter\CodeIgniter->runController(Object(App\Controllers\ViewsController))
#9 C:\Users\lenovo\Documents\Aplikasi\Portofolio\spku\vendor\codeigniter4\framework\system\CodeIgniter.php(326): CodeIgniter\CodeIgniter->handleRequest(NULL, Object(Config\Cache), false)
#10 C:\Users\lenovo\Documents\Aplikasi\Portofolio\spku\public\index.php(37): CodeIgniter\CodeIgniter->run()
#11 C:\Users\lenovo\Documents\Aplikasi\Portofolio\spku\vendor\codeigniter4\framework\system\Commands\Server\rewrite.php(43): require_once('C:\\Users\\lenovo...')
#12 {main}
CRITICAL - 2022-05-06 06:12:53 --> Undefined array key "hape_e"
#0 C:\Users\lenovo\Documents\Aplikasi\Portofolio\spku\app\Controllers\ViewsController.php(248): CodeIgniter\Debug\Exceptions->errorHandler(2, 'Undefined array...', 'C:\\Users\\lenovo...', 248)
#1 C:\Users\lenovo\Documents\Aplikasi\Portofolio\spku\vendor\codeigniter4\framework\system\CodeIgniter.php(832): App\Controllers\ViewsController->hasil()
#2 C:\Users\lenovo\Documents\Aplikasi\Portofolio\spku\vendor\codeigniter4\framework\system\CodeIgniter.php(419): CodeIgniter\CodeIgniter->runController(Object(App\Controllers\ViewsController))
#3 C:\Users\lenovo\Documents\Aplikasi\Portofolio\spku\vendor\codeigniter4\framework\system\CodeIgniter.php(326): CodeIgniter\CodeIgniter->handleRequest(NULL, Object(Config\Cache), false)
#4 C:\Users\lenovo\Documents\Aplikasi\Portofolio\spku\public\index.php(37): CodeIgniter\CodeIgniter->run()
#5 C:\Users\lenovo\Documents\Aplikasi\Portofolio\spku\vendor\codeigniter4\framework\system\Commands\Server\rewrite.php(43): require_once('C:\\Users\\lenovo...')
#6 {main}
CRITICAL - 2022-05-06 06:27:57 --> Undefined variable $i4
#0 C:\Users\lenovo\Documents\Aplikasi\Portofolio\spku\app\Controllers\ViewsController.php(237): CodeIgniter\Debug\Exceptions->errorHandler(2, 'Undefined varia...', 'C:\\Users\\lenovo...', 237)
#1 C:\Users\lenovo\Documents\Aplikasi\Portofolio\spku\vendor\codeigniter4\framework\system\CodeIgniter.php(832): App\Controllers\ViewsController->hasil()
#2 C:\Users\lenovo\Documents\Aplikasi\Portofolio\spku\vendor\codeigniter4\framework\system\CodeIgniter.php(419): CodeIgniter\CodeIgniter->runController(Object(App\Controllers\ViewsController))
#3 C:\Users\lenovo\Documents\Aplikasi\Portofolio\spku\vendor\codeigniter4\framework\system\CodeIgniter.php(326): CodeIgniter\CodeIgniter->handleRequest(NULL, Object(Config\Cache), false)
#4 C:\Users\lenovo\Documents\Aplikasi\Portofolio\spku\public\index.php(37): CodeIgniter\CodeIgniter->run()
#5 C:\Users\lenovo\Documents\Aplikasi\Portofolio\spku\vendor\codeigniter4\framework\system\Commands\Server\rewrite.php(43): require_once('C:\\Users\\lenovo...')
#6 {main}
CRITICAL - 2022-05-06 07:41:16 --> Undefined array key "atribut"
#0 C:\Users\lenovo\Documents\Aplikasi\Portofolio\spku\app\Views\hasil.php(62): CodeIgniter\Debug\Exceptions->errorHandler(2, 'Undefined array...', 'C:\\Users\\lenovo...', 62)
#1 C:\Users\lenovo\Documents\Aplikasi\Portofolio\spku\vendor\codeigniter4\framework\system\View\View.php(210): include('C:\\Users\\lenovo...')
#2 C:\Users\lenovo\Documents\Aplikasi\Portofolio\spku\vendor\codeigniter4\framework\system\View\View.php(213): CodeIgniter\View\View->CodeIgniter\View\{closure}()
#3 C:\Users\lenovo\Documents\Aplikasi\Portofolio\spku\vendor\codeigniter4\framework\system\Common.php(1089): CodeIgniter\View\View->render('hasil', Array, true)
#4 C:\Users\lenovo\Documents\Aplikasi\Portofolio\spku\app\Controllers\ViewsController.php(233): view('hasil', Array)
#5 C:\Users\lenovo\Documents\Aplikasi\Portofolio\spku\vendor\codeigniter4\framework\system\CodeIgniter.php(832): App\Controllers\ViewsController->hasil()
#6 C:\Users\lenovo\Documents\Aplikasi\Portofolio\spku\vendor\codeigniter4\framework\system\CodeIgniter.php(419): CodeIgniter\CodeIgniter->runController(Object(App\Controllers\ViewsController))
#7 C:\Users\lenovo\Documents\Aplikasi\Portofolio\spku\vendor\codeigniter4\framework\system\CodeIgniter.php(326): CodeIgniter\CodeIgniter->handleRequest(NULL, Object(Config\Cache), false)
#8 C:\Users\lenovo\Documents\Aplikasi\Portofolio\spku\public\index.php(37): CodeIgniter\CodeIgniter->run()
#9 C:\Users\lenovo\Documents\Aplikasi\Portofolio\spku\vendor\codeigniter4\framework\system\Commands\Server\rewrite.php(43): require_once('C:\\Users\\lenovo...')
#10 {main}
CRITICAL - 2022-05-06 09:33:18 --> Array to string conversion
#0 C:\Users\lenovo\Documents\Aplikasi\Portofolio\spku\app\Views\hasil.php(98): CodeIgniter\Debug\Exceptions->errorHandler(2, 'Array to string...', 'C:\\Users\\lenovo...', 98)
#1 C:\Users\lenovo\Documents\Aplikasi\Portofolio\spku\vendor\codeigniter4\framework\system\View\View.php(210): include('C:\\Users\\lenovo...')
#2 C:\Users\lenovo\Documents\Aplikasi\Portofolio\spku\vendor\codeigniter4\framework\system\View\View.php(213): CodeIgniter\View\View->CodeIgniter\View\{closure}()
#3 C:\Users\lenovo\Documents\Aplikasi\Portofolio\spku\vendor\codeigniter4\framework\system\Common.php(1089): CodeIgniter\View\View->render('hasil', Array, true)
#4 C:\Users\lenovo\Documents\Aplikasi\Portofolio\spku\app\Controllers\ViewsController.php(233): view('hasil', Array)
#5 C:\Users\lenovo\Documents\Aplikasi\Portofolio\spku\vendor\codeigniter4\framework\system\CodeIgniter.php(832): App\Controllers\ViewsController->hasil()
#6 C:\Users\lenovo\Documents\Aplikasi\Portofolio\spku\vendor\codeigniter4\framework\system\CodeIgniter.php(419): CodeIgniter\CodeIgniter->runController(Object(App\Controllers\ViewsController))
#7 C:\Users\lenovo\Documents\Aplikasi\Portofolio\spku\vendor\codeigniter4\framework\system\CodeIgniter.php(326): CodeIgniter\CodeIgniter->handleRequest(NULL, Object(Config\Cache), false)
#8 C:\Users\lenovo\Documents\Aplikasi\Portofolio\spku\public\index.php(37): CodeIgniter\CodeIgniter->run()
#9 C:\Users\lenovo\Documents\Aplikasi\Portofolio\spku\vendor\codeigniter4\framework\system\Commands\Server\rewrite.php(43): require_once('C:\\Users\\lenovo...')
#10 {main}
CRITICAL - 2022-05-06 09:40:39 --> array_push(): Argument #1 ($array) must be of type array, null given
#0 C:\Users\lenovo\Documents\Aplikasi\Portofolio\spku\app\Controllers\ViewsController.php(228): array_push(NULL, Array)
#1 C:\Users\lenovo\Documents\Aplikasi\Portofolio\spku\vendor\codeigniter4\framework\system\CodeIgniter.php(832): App\Controllers\ViewsController->hasil()
#2 C:\Users\lenovo\Documents\Aplikasi\Portofolio\spku\vendor\codeigniter4\framework\system\CodeIgniter.php(419): CodeIgniter\CodeIgniter->runController(Object(App\Controllers\ViewsController))
#3 C:\Users\lenovo\Documents\Aplikasi\Portofolio\spku\vendor\codeigniter4\framework\system\CodeIgniter.php(326): CodeIgniter\CodeIgniter->handleRequest(NULL, Object(Config\Cache), false)
#4 C:\Users\lenovo\Documents\Aplikasi\Portofolio\spku\public\index.php(37): CodeIgniter\CodeIgniter->run()
#5 C:\Users\lenovo\Documents\Aplikasi\Portofolio\spku\vendor\codeigniter4\framework\system\Commands\Server\rewrite.php(43): require_once('C:\\Users\\lenovo...')
#6 {main}
CRITICAL - 2022-05-06 09:50:26 --> Unsupported operand types: string + string
#0 C:\Users\lenovo\Documents\Aplikasi\Portofolio\spku\vendor\codeigniter4\framework\system\CodeIgniter.php(832): App\Controllers\ViewsController->hasil()
#1 C:\Users\lenovo\Documents\Aplikasi\Portofolio\spku\vendor\codeigniter4\framework\system\CodeIgniter.php(419): CodeIgniter\CodeIgniter->runController(Object(App\Controllers\ViewsController))
#2 C:\Users\lenovo\Documents\Aplikasi\Portofolio\spku\vendor\codeigniter4\framework\system\CodeIgniter.php(326): CodeIgniter\CodeIgniter->handleRequest(NULL, Object(Config\Cache), false)
#3 C:\Users\lenovo\Documents\Aplikasi\Portofolio\spku\public\index.php(37): CodeIgniter\CodeIgniter->run()
#4 C:\Users\lenovo\Documents\Aplikasi\Portofolio\spku\vendor\codeigniter4\framework\system\Commands\Server\rewrite.php(43): require_once('C:\\Users\\lenovo...')
#5 {main}
CRITICAL - 2022-05-06 09:52:37 --> Unsupported operand types: string + string
#0 C:\Users\lenovo\Documents\Aplikasi\Portofolio\spku\vendor\codeigniter4\framework\system\CodeIgniter.php(832): App\Controllers\ViewsController->hasil()
#1 C:\Users\lenovo\Documents\Aplikasi\Portofolio\spku\vendor\codeigniter4\framework\system\CodeIgniter.php(419): CodeIgniter\CodeIgniter->runController(Object(App\Controllers\ViewsController))
#2 C:\Users\lenovo\Documents\Aplikasi\Portofolio\spku\vendor\codeigniter4\framework\system\CodeIgniter.php(326): CodeIgniter\CodeIgniter->handleRequest(NULL, Object(Config\Cache), false)
#3 C:\Users\lenovo\Documents\Aplikasi\Portofolio\spku\public\index.php(37): CodeIgniter\CodeIgniter->run()
#4 C:\Users\lenovo\Documents\Aplikasi\Portofolio\spku\vendor\codeigniter4\framework\system\Commands\Server\rewrite.php(43): require_once('C:\\Users\\lenovo...')
#5 {main}
CRITICAL - 2022-05-06 09:53:02 --> Unsupported operand types: string + string
#0 C:\Users\lenovo\Documents\Aplikasi\Portofolio\spku\vendor\codeigniter4\framework\system\CodeIgniter.php(832): App\Controllers\ViewsController->hasil()
#1 C:\Users\lenovo\Documents\Aplikasi\Portofolio\spku\vendor\codeigniter4\framework\system\CodeIgniter.php(419): CodeIgniter\CodeIgniter->runController(Object(App\Controllers\ViewsController))
#2 C:\Users\lenovo\Documents\Aplikasi\Portofolio\spku\vendor\codeigniter4\framework\system\CodeIgniter.php(326): CodeIgniter\CodeIgniter->handleRequest(NULL, Object(Config\Cache), false)
#3 C:\Users\lenovo\Documents\Aplikasi\Portofolio\spku\public\index.php(37): CodeIgniter\CodeIgniter->run()
#4 C:\Users\lenovo\Documents\Aplikasi\Portofolio\spku\vendor\codeigniter4\framework\system\Commands\Server\rewrite.php(43): require_once('C:\\Users\\lenovo...')
#5 {main}
CRITICAL - 2022-05-06 09:53:53 --> Unsupported operand types: string + string
#0 C:\Users\lenovo\Documents\Aplikasi\Portofolio\spku\vendor\codeigniter4\framework\system\CodeIgniter.php(832): App\Controllers\ViewsController->hasil()
#1 C:\Users\lenovo\Documents\Aplikasi\Portofolio\spku\vendor\codeigniter4\framework\system\CodeIgniter.php(419): CodeIgniter\CodeIgniter->runController(Object(App\Controllers\ViewsController))
#2 C:\Users\lenovo\Documents\Aplikasi\Portofolio\spku\vendor\codeigniter4\framework\system\CodeIgniter.php(326): CodeIgniter\CodeIgniter->handleRequest(NULL, Object(Config\Cache), false)
#3 C:\Users\lenovo\Documents\Aplikasi\Portofolio\spku\public\index.php(37): CodeIgniter\CodeIgniter->run()
#4 C:\Users\lenovo\Documents\Aplikasi\Portofolio\spku\vendor\codeigniter4\framework\system\Commands\Server\rewrite.php(43): require_once('C:\\Users\\lenovo...')
#5 {main}
CRITICAL - 2022-05-06 09:54:21 --> Unsupported operand types: string + string
#0 C:\Users\lenovo\Documents\Aplikasi\Portofolio\spku\vendor\codeigniter4\framework\system\CodeIgniter.php(832): App\Controllers\ViewsController->hasil()
#1 C:\Users\lenovo\Documents\Aplikasi\Portofolio\spku\vendor\codeigniter4\framework\system\CodeIgniter.php(419): CodeIgniter\CodeIgniter->runController(Object(App\Controllers\ViewsController))
#2 C:\Users\lenovo\Documents\Aplikasi\Portofolio\spku\vendor\codeigniter4\framework\system\CodeIgniter.php(326): CodeIgniter\CodeIgniter->handleRequest(NULL, Object(Config\Cache), false)
#3 C:\Users\lenovo\Documents\Aplikasi\Portofolio\spku\public\index.php(37): CodeIgniter\CodeIgniter->run()
#4 C:\Users\lenovo\Documents\Aplikasi\Portofolio\spku\vendor\codeigniter4\framework\system\Commands\Server\rewrite.php(43): require_once('C:\\Users\\lenovo...')
#5 {main}
CRITICAL - 2022-05-06 09:55:08 --> Unsupported operand types: string + float
#0 C:\Users\lenovo\Documents\Aplikasi\Portofolio\spku\vendor\codeigniter4\framework\system\CodeIgniter.php(832): App\Controllers\ViewsController->hasil()
#1 C:\Users\lenovo\Documents\Aplikasi\Portofolio\spku\vendor\codeigniter4\framework\system\CodeIgniter.php(419): CodeIgniter\CodeIgniter->runController(Object(App\Controllers\ViewsController))
#2 C:\Users\lenovo\Documents\Aplikasi\Portofolio\spku\vendor\codeigniter4\framework\system\CodeIgniter.php(326): CodeIgniter\CodeIgniter->handleRequest(NULL, Object(Config\Cache), false)
#3 C:\Users\lenovo\Documents\Aplikasi\Portofolio\spku\public\index.php(37): CodeIgniter\CodeIgniter->run()
#4 C:\Users\lenovo\Documents\Aplikasi\Portofolio\spku\vendor\codeigniter4\framework\system\Commands\Server\rewrite.php(43): require_once('C:\\Users\\lenovo...')
#5 {main}
CRITICAL - 2022-05-06 09:55:27 --> Unsupported operand types: string + float
#0 C:\Users\lenovo\Documents\Aplikasi\Portofolio\spku\vendor\codeigniter4\framework\system\CodeIgniter.php(832): App\Controllers\ViewsController->hasil()
#1 C:\Users\lenovo\Documents\Aplikasi\Portofolio\spku\vendor\codeigniter4\framework\system\CodeIgniter.php(419): CodeIgniter\CodeIgniter->runController(Object(App\Controllers\ViewsController))
#2 C:\Users\lenovo\Documents\Aplikasi\Portofolio\spku\vendor\codeigniter4\framework\system\CodeIgniter.php(326): CodeIgniter\CodeIgniter->handleRequest(NULL, Object(Config\Cache), false)
#3 C:\Users\lenovo\Documents\Aplikasi\Portofolio\spku\public\index.php(37): CodeIgniter\CodeIgniter->run()
#4 C:\Users\lenovo\Documents\Aplikasi\Portofolio\spku\vendor\codeigniter4\framework\system\Commands\Server\rewrite.php(43): require_once('C:\\Users\\lenovo...')
#5 {main}
CRITICAL - 2022-05-06 09:55:42 --> Unsupported operand types: string + string
#0 C:\Users\lenovo\Documents\Aplikasi\Portofolio\spku\vendor\codeigniter4\framework\system\CodeIgniter.php(832): App\Controllers\ViewsController->hasil()
#1 C:\Users\lenovo\Documents\Aplikasi\Portofolio\spku\vendor\codeigniter4\framework\system\CodeIgniter.php(419): CodeIgniter\CodeIgniter->runController(Object(App\Controllers\ViewsController))
#2 C:\Users\lenovo\Documents\Aplikasi\Portofolio\spku\vendor\codeigniter4\framework\system\CodeIgniter.php(326): CodeIgniter\CodeIgniter->handleRequest(NULL, Object(Config\Cache), false)
#3 C:\Users\lenovo\Documents\Aplikasi\Portofolio\spku\public\index.php(37): CodeIgniter\CodeIgniter->run()
#4 C:\Users\lenovo\Documents\Aplikasi\Portofolio\spku\vendor\codeigniter4\framework\system\Commands\Server\rewrite.php(43): require_once('C:\\Users\\lenovo...')
#5 {main}
CRITICAL - 2022-05-06 10:30:27 --> Undefined variable $id_project
#0 C:\Users\lenovo\Documents\Aplikasi\Portofolio\spku\app\Views\hasil.php(7): CodeIgniter\Debug\Exceptions->errorHandler(2, 'Undefined varia...', 'C:\\Users\\lenovo...', 7)
#1 C:\Users\lenovo\Documents\Aplikasi\Portofolio\spku\vendor\codeigniter4\framework\system\View\View.php(210): include('C:\\Users\\lenovo...')
#2 C:\Users\lenovo\Documents\Aplikasi\Portofolio\spku\vendor\codeigniter4\framework\system\View\View.php(213): CodeIgniter\View\View->CodeIgniter\View\{closure}()
#3 C:\Users\lenovo\Documents\Aplikasi\Portofolio\spku\vendor\codeigniter4\framework\system\Common.php(1089): CodeIgniter\View\View->render('hasil', Array, true)
#4 C:\Users\lenovo\Documents\Aplikasi\Portofolio\spku\app\Controllers\ViewsController.php(145): view('hasil', Array)
#5 C:\Users\lenovo\Documents\Aplikasi\Portofolio\spku\vendor\codeigniter4\framework\system\CodeIgniter.php(832): App\Controllers\ViewsController->hasil()
#6 C:\Users\lenovo\Documents\Aplikasi\Portofolio\spku\vendor\codeigniter4\framework\system\CodeIgniter.php(419): CodeIgniter\CodeIgniter->runController(Object(App\Controllers\ViewsController))
#7 C:\Users\lenovo\Documents\Aplikasi\Portofolio\spku\vendor\codeigniter4\framework\system\CodeIgniter.php(326): CodeIgniter\CodeIgniter->handleRequest(NULL, Object(Config\Cache), false)
#8 C:\Users\lenovo\Documents\Aplikasi\Portofolio\spku\public\index.php(37): CodeIgniter\CodeIgniter->run()
#9 C:\Users\lenovo\Documents\Aplikasi\Portofolio\spku\vendor\codeigniter4\framework\system\Commands\Server\rewrite.php(43): require_once('C:\\Users\\lenovo...')
#10 {main}
CRITICAL - 2022-05-06 10:39:10 --> Undefined array key "jago_sekali"
#0 C:\Users\lenovo\Documents\Aplikasi\Portofolio\spku\app\Controllers\ViewsController.php(184): CodeIgniter\Debug\Exceptions->errorHandler(2, 'Undefined array...', 'C:\\Users\\lenovo...', 184)
#1 C:\Users\lenovo\Documents\Aplikasi\Portofolio\spku\vendor\codeigniter4\framework\system\CodeIgniter.php(832): App\Controllers\ViewsController->hasil()
#2 C:\Users\lenovo\Documents\Aplikasi\Portofolio\spku\vendor\codeigniter4\framework\system\CodeIgniter.php(419): CodeIgniter\CodeIgniter->runController(Object(App\Controllers\ViewsController))
#3 C:\Users\lenovo\Documents\Aplikasi\Portofolio\spku\vendor\codeigniter4\framework\system\CodeIgniter.php(326): CodeIgniter\CodeIgniter->handleRequest(NULL, Object(Config\Cache), false)
#4 C:\Users\lenovo\Documents\Aplikasi\Portofolio\spku\public\index.php(37): CodeIgniter\CodeIgniter->run()
#5 C:\Users\lenovo\Documents\Aplikasi\Portofolio\spku\vendor\codeigniter4\framework\system\Commands\Server\rewrite.php(43): require_once('C:\\Users\\lenovo...')
#6 {main}
CRITICAL - 2022-05-06 10:42:07 --> Undefined array key "jago_sekali"
#0 C:\Users\lenovo\Documents\Aplikasi\Portofolio\spku\app\Controllers\ViewsController.php(214): CodeIgniter\Debug\Exceptions->errorHandler(2, 'Undefined array...', 'C:\\Users\\lenovo...', 214)
#1 C:\Users\lenovo\Documents\Aplikasi\Portofolio\spku\vendor\codeigniter4\framework\system\CodeIgniter.php(832): App\Controllers\ViewsController->hasil()
#2 C:\Users\lenovo\Documents\Aplikasi\Portofolio\spku\vendor\codeigniter4\framework\system\CodeIgniter.php(419): CodeIgniter\CodeIgniter->runController(Object(App\Controllers\ViewsController))
#3 C:\Users\lenovo\Documents\Aplikasi\Portofolio\spku\vendor\codeigniter4\framework\system\CodeIgniter.php(326): CodeIgniter\CodeIgniter->handleRequest(NULL, Object(Config\Cache), false)
#4 C:\Users\lenovo\Documents\Aplikasi\Portofolio\spku\public\index.php(37): CodeIgniter\CodeIgniter->run()
#5 C:\Users\lenovo\Documents\Aplikasi\Portofolio\spku\vendor\codeigniter4\framework\system\Commands\Server\rewrite.php(43): require_once('C:\\Users\\lenovo...')
#6 {main}
