ERROR - 2022-04-30 11:33:13 --> Error connecting to the database: php_network_getaddresses: getaddrinfo failed: No such host is known. 
CRITICAL - 2022-04-30 11:33:13 --> Unable to connect to the database.
Main connection [MySQLi]: php_network_getaddresses: getaddrinfo failed: No such host is known. 
#0 C:\Users\lenovo\Documents\Aplikasi\Portofolio\spku\vendor\codeigniter4\framework\system\Database\BaseConnection.php(577): CodeIgniter\Database\BaseConnection->initialize()
#1 C:\Users\lenovo\Documents\Aplikasi\Portofolio\spku\vendor\codeigniter4\framework\system\Database\BaseBuilder.php(1455): CodeIgniter\Database\BaseConnection->query('SELECT *\nFROM `...', Array, false)
#2 C:\Users\lenovo\Documents\Aplikasi\Portofolio\spku\vendor\codeigniter4\framework\system\Model.php(210): CodeIgniter\Database\BaseBuilder->get()
#3 C:\Users\lenovo\Documents\Aplikasi\Portofolio\spku\vendor\codeigniter4\framework\system\BaseModel.php(622): CodeIgniter\Model->doFirst()
#4 C:\Users\lenovo\Documents\Aplikasi\Portofolio\spku\app\Controllers\ProjectController.php(42): CodeIgniter\BaseModel->first()
#5 C:\Users\lenovo\Documents\Aplikasi\Portofolio\spku\vendor\codeigniter4\framework\system\CodeIgniter.php(832): App\Controllers\ProjectController->store()
#6 C:\Users\lenovo\Documents\Aplikasi\Portofolio\spku\vendor\codeigniter4\framework\system\CodeIgniter.php(419): CodeIgniter\CodeIgniter->runController(Object(App\Controllers\ProjectController))
#7 C:\Users\lenovo\Documents\Aplikasi\Portofolio\spku\vendor\codeigniter4\framework\system\CodeIgniter.php(326): CodeIgniter\CodeIgniter->handleRequest(NULL, Object(Config\Cache), false)
#8 C:\Users\lenovo\Documents\Aplikasi\Portofolio\spku\public\index.php(37): CodeIgniter\CodeIgniter->run()
#9 C:\Users\lenovo\Documents\Aplikasi\Portofolio\spku\vendor\codeigniter4\framework\system\Commands\Server\rewrite.php(43): require_once('C:\\Users\\lenovo...')
#10 {main}
ERROR - 2022-04-30 11:33:47 --> Error connecting to the database: php_network_getaddresses: getaddrinfo failed: No such host is known. 
CRITICAL - 2022-04-30 11:33:47 --> Unable to connect to the database.
Main connection [MySQLi]: php_network_getaddresses: getaddrinfo failed: No such host is known. 
#0 C:\Users\lenovo\Documents\Aplikasi\Portofolio\spku\vendor\codeigniter4\framework\system\Database\BaseConnection.php(577): CodeIgniter\Database\BaseConnection->initialize()
#1 C:\Users\lenovo\Documents\Aplikasi\Portofolio\spku\vendor\codeigniter4\framework\system\Database\BaseBuilder.php(1455): CodeIgniter\Database\BaseConnection->query('SELECT *\nFROM `...', Array, false)
#2 C:\Users\lenovo\Documents\Aplikasi\Portofolio\spku\vendor\codeigniter4\framework\system\Model.php(210): CodeIgniter\Database\BaseBuilder->get()
#3 C:\Users\lenovo\Documents\Aplikasi\Portofolio\spku\vendor\codeigniter4\framework\system\BaseModel.php(622): CodeIgniter\Model->doFirst()
#4 C:\Users\lenovo\Documents\Aplikasi\Portofolio\spku\app\Controllers\ProjectController.php(42): CodeIgniter\BaseModel->first()
#5 C:\Users\lenovo\Documents\Aplikasi\Portofolio\spku\vendor\codeigniter4\framework\system\CodeIgniter.php(832): App\Controllers\ProjectController->store()
#6 C:\Users\lenovo\Documents\Aplikasi\Portofolio\spku\vendor\codeigniter4\framework\system\CodeIgniter.php(419): CodeIgniter\CodeIgniter->runController(Object(App\Controllers\ProjectController))
#7 C:\Users\lenovo\Documents\Aplikasi\Portofolio\spku\vendor\codeigniter4\framework\system\CodeIgniter.php(326): CodeIgniter\CodeIgniter->handleRequest(NULL, Object(Config\Cache), false)
#8 C:\Users\lenovo\Documents\Aplikasi\Portofolio\spku\public\index.php(37): CodeIgniter\CodeIgniter->run()
#9 C:\Users\lenovo\Documents\Aplikasi\Portofolio\spku\vendor\codeigniter4\framework\system\Commands\Server\rewrite.php(43): require_once('C:\\Users\\lenovo...')
#10 {main}
ERROR - 2022-04-30 11:34:50 --> Error connecting to the database: Unknown database 'spku'
CRITICAL - 2022-04-30 11:34:50 --> Unable to connect to the database.
Main connection [MySQLi]: Unknown database 'spku'
#0 C:\Users\lenovo\Documents\Aplikasi\Portofolio\spku\vendor\codeigniter4\framework\system\Database\BaseConnection.php(577): CodeIgniter\Database\BaseConnection->initialize()
#1 C:\Users\lenovo\Documents\Aplikasi\Portofolio\spku\vendor\codeigniter4\framework\system\Database\BaseBuilder.php(1455): CodeIgniter\Database\BaseConnection->query('SELECT *\nFROM `...', Array, false)
#2 C:\Users\lenovo\Documents\Aplikasi\Portofolio\spku\vendor\codeigniter4\framework\system\Model.php(210): CodeIgniter\Database\BaseBuilder->get()
#3 C:\Users\lenovo\Documents\Aplikasi\Portofolio\spku\vendor\codeigniter4\framework\system\BaseModel.php(622): CodeIgniter\Model->doFirst()
#4 C:\Users\lenovo\Documents\Aplikasi\Portofolio\spku\app\Controllers\ProjectController.php(42): CodeIgniter\BaseModel->first()
#5 C:\Users\lenovo\Documents\Aplikasi\Portofolio\spku\vendor\codeigniter4\framework\system\CodeIgniter.php(832): App\Controllers\ProjectController->store()
#6 C:\Users\lenovo\Documents\Aplikasi\Portofolio\spku\vendor\codeigniter4\framework\system\CodeIgniter.php(419): CodeIgniter\CodeIgniter->runController(Object(App\Controllers\ProjectController))
#7 C:\Users\lenovo\Documents\Aplikasi\Portofolio\spku\vendor\codeigniter4\framework\system\CodeIgniter.php(326): CodeIgniter\CodeIgniter->handleRequest(NULL, Object(Config\Cache), false)
#8 C:\Users\lenovo\Documents\Aplikasi\Portofolio\spku\public\index.php(37): CodeIgniter\CodeIgniter->run()
#9 C:\Users\lenovo\Documents\Aplikasi\Portofolio\spku\vendor\codeigniter4\framework\system\Commands\Server\rewrite.php(43): require_once('C:\\Users\\lenovo...')
#10 {main}
ERROR - 2022-04-30 21:16:19 --> Error connecting to the database: No connection could be made because the target machine actively refused it
CRITICAL - 2022-04-30 21:16:19 --> Unable to connect to the database.
Main connection [MySQLi]: No connection could be made because the target machine actively refused it
#0 C:\Users\lenovo\Documents\Aplikasi\Portofolio\spku\vendor\codeigniter4\framework\system\Database\BaseConnection.php(577): CodeIgniter\Database\BaseConnection->initialize()
#1 C:\Users\lenovo\Documents\Aplikasi\Portofolio\spku\vendor\codeigniter4\framework\system\Database\BaseBuilder.php(1455): CodeIgniter\Database\BaseConnection->query('SELECT `nama`\nF...', Array, false)
#2 C:\Users\lenovo\Documents\Aplikasi\Portofolio\spku\vendor\codeigniter4\framework\system\Model.php(210): CodeIgniter\Database\BaseBuilder->get()
#3 C:\Users\lenovo\Documents\Aplikasi\Portofolio\spku\vendor\codeigniter4\framework\system\BaseModel.php(622): CodeIgniter\Model->doFirst()
#4 C:\Users\lenovo\Documents\Aplikasi\Portofolio\spku\app\Controllers\ProjectController.php(42): CodeIgniter\BaseModel->first()
#5 C:\Users\lenovo\Documents\Aplikasi\Portofolio\spku\vendor\codeigniter4\framework\system\CodeIgniter.php(832): App\Controllers\ProjectController->store()
#6 C:\Users\lenovo\Documents\Aplikasi\Portofolio\spku\vendor\codeigniter4\framework\system\CodeIgniter.php(419): CodeIgniter\CodeIgniter->runController(Object(App\Controllers\ProjectController))
#7 C:\Users\lenovo\Documents\Aplikasi\Portofolio\spku\vendor\codeigniter4\framework\system\CodeIgniter.php(326): CodeIgniter\CodeIgniter->handleRequest(NULL, Object(Config\Cache), false)
#8 C:\Users\lenovo\Documents\Aplikasi\Portofolio\spku\public\index.php(37): CodeIgniter\CodeIgniter->run()
#9 C:\Users\lenovo\Documents\Aplikasi\Portofolio\spku\vendor\codeigniter4\framework\system\Commands\Server\rewrite.php(43): require_once('C:\\Users\\lenovo...')
#10 {main}
ERROR - 2022-04-30 21:16:23 --> Error connecting to the database: No connection could be made because the target machine actively refused it
CRITICAL - 2022-04-30 21:16:23 --> Unable to connect to the database.
Main connection [MySQLi]: No connection could be made because the target machine actively refused it
#0 C:\Users\lenovo\Documents\Aplikasi\Portofolio\spku\vendor\codeigniter4\framework\system\Database\BaseConnection.php(577): CodeIgniter\Database\BaseConnection->initialize()
#1 C:\Users\lenovo\Documents\Aplikasi\Portofolio\spku\vendor\codeigniter4\framework\system\Database\BaseBuilder.php(1455): CodeIgniter\Database\BaseConnection->query('SELECT `nama`\nF...', Array, false)
#2 C:\Users\lenovo\Documents\Aplikasi\Portofolio\spku\vendor\codeigniter4\framework\system\Model.php(210): CodeIgniter\Database\BaseBuilder->get()
#3 C:\Users\lenovo\Documents\Aplikasi\Portofolio\spku\vendor\codeigniter4\framework\system\BaseModel.php(622): CodeIgniter\Model->doFirst()
#4 C:\Users\lenovo\Documents\Aplikasi\Portofolio\spku\app\Controllers\ProjectController.php(42): CodeIgniter\BaseModel->first()
#5 C:\Users\lenovo\Documents\Aplikasi\Portofolio\spku\vendor\codeigniter4\framework\system\CodeIgniter.php(832): App\Controllers\ProjectController->store()
#6 C:\Users\lenovo\Documents\Aplikasi\Portofolio\spku\vendor\codeigniter4\framework\system\CodeIgniter.php(419): CodeIgniter\CodeIgniter->runController(Object(App\Controllers\ProjectController))
#7 C:\Users\lenovo\Documents\Aplikasi\Portofolio\spku\vendor\codeigniter4\framework\system\CodeIgniter.php(326): CodeIgniter\CodeIgniter->handleRequest(NULL, Object(Config\Cache), false)
#8 C:\Users\lenovo\Documents\Aplikasi\Portofolio\spku\public\index.php(37): CodeIgniter\CodeIgniter->run()
#9 C:\Users\lenovo\Documents\Aplikasi\Portofolio\spku\vendor\codeigniter4\framework\system\Commands\Server\rewrite.php(43): require_once('C:\\Users\\lenovo...')
#10 {main}
ERROR - 2022-04-30 21:18:23 --> Error connecting to the database: No connection could be made because the target machine actively refused it
CRITICAL - 2022-04-30 21:32:41 --> Undefined property: ErrorException::$getMessage
#0 C:\Users\lenovo\Documents\Aplikasi\Portofolio\spku\app\Controllers\ProjectController.php(50): CodeIgniter\Debug\Exceptions->errorHandler(2, 'Undefined prope...', 'C:\\Users\\lenovo...', 50)
#1 C:\Users\lenovo\Documents\Aplikasi\Portofolio\spku\vendor\codeigniter4\framework\system\CodeIgniter.php(832): App\Controllers\ProjectController->store()
#2 C:\Users\lenovo\Documents\Aplikasi\Portofolio\spku\vendor\codeigniter4\framework\system\CodeIgniter.php(419): CodeIgniter\CodeIgniter->runController(Object(App\Controllers\ProjectController))
#3 C:\Users\lenovo\Documents\Aplikasi\Portofolio\spku\vendor\codeigniter4\framework\system\CodeIgniter.php(326): CodeIgniter\CodeIgniter->handleRequest(NULL, Object(Config\Cache), false)
#4 C:\Users\lenovo\Documents\Aplikasi\Portofolio\spku\public\index.php(37): CodeIgniter\CodeIgniter->run()
#5 C:\Users\lenovo\Documents\Aplikasi\Portofolio\spku\vendor\codeigniter4\framework\system\Commands\Server\rewrite.php(43): require_once('C:\\Users\\lenovo...')
#6 {main}
CRITICAL - 2022-04-30 21:33:53 --> Undefined array key "nama"
#0 C:\Users\lenovo\Documents\Aplikasi\Portofolio\spku\app\Controllers\ProjectController.php(44): CodeIgniter\Debug\Exceptions->errorHandler(2, 'Undefined array...', 'C:\\Users\\lenovo...', 44)
#1 C:\Users\lenovo\Documents\Aplikasi\Portofolio\spku\vendor\codeigniter4\framework\system\CodeIgniter.php(832): App\Controllers\ProjectController->store()
#2 C:\Users\lenovo\Documents\Aplikasi\Portofolio\spku\vendor\codeigniter4\framework\system\CodeIgniter.php(419): CodeIgniter\CodeIgniter->runController(Object(App\Controllers\ProjectController))
#3 C:\Users\lenovo\Documents\Aplikasi\Portofolio\spku\vendor\codeigniter4\framework\system\CodeIgniter.php(326): CodeIgniter\CodeIgniter->handleRequest(NULL, Object(Config\Cache), false)
#4 C:\Users\lenovo\Documents\Aplikasi\Portofolio\spku\public\index.php(37): CodeIgniter\CodeIgniter->run()
#5 C:\Users\lenovo\Documents\Aplikasi\Portofolio\spku\vendor\codeigniter4\framework\system\Commands\Server\rewrite.php(43): require_once('C:\\Users\\lenovo...')
#6 {main}
CRITICAL - 2022-04-30 21:34:16 --> Undefined array key "nama"
#0 C:\Users\lenovo\Documents\Aplikasi\Portofolio\spku\app\Controllers\ProjectController.php(44): CodeIgniter\Debug\Exceptions->errorHandler(2, 'Undefined array...', 'C:\\Users\\lenovo...', 44)
#1 C:\Users\lenovo\Documents\Aplikasi\Portofolio\spku\vendor\codeigniter4\framework\system\CodeIgniter.php(832): App\Controllers\ProjectController->store()
#2 C:\Users\lenovo\Documents\Aplikasi\Portofolio\spku\vendor\codeigniter4\framework\system\CodeIgniter.php(419): CodeIgniter\CodeIgniter->runController(Object(App\Controllers\ProjectController))
#3 C:\Users\lenovo\Documents\Aplikasi\Portofolio\spku\vendor\codeigniter4\framework\system\CodeIgniter.php(326): CodeIgniter\CodeIgniter->handleRequest(NULL, Object(Config\Cache), false)
#4 C:\Users\lenovo\Documents\Aplikasi\Portofolio\spku\public\index.php(37): CodeIgniter\CodeIgniter->run()
#5 C:\Users\lenovo\Documents\Aplikasi\Portofolio\spku\vendor\codeigniter4\framework\system\Commands\Server\rewrite.php(43): require_once('C:\\Users\\lenovo...')
#6 {main}
CRITICAL - 2022-04-30 21:34:47 --> Undefined array key "nama"
#0 C:\Users\lenovo\Documents\Aplikasi\Portofolio\spku\app\Controllers\ProjectController.php(44): CodeIgniter\Debug\Exceptions->errorHandler(2, 'Undefined array...', 'C:\\Users\\lenovo...', 44)
#1 C:\Users\lenovo\Documents\Aplikasi\Portofolio\spku\vendor\codeigniter4\framework\system\CodeIgniter.php(832): App\Controllers\ProjectController->store()
#2 C:\Users\lenovo\Documents\Aplikasi\Portofolio\spku\vendor\codeigniter4\framework\system\CodeIgniter.php(419): CodeIgniter\CodeIgniter->runController(Object(App\Controllers\ProjectController))
#3 C:\Users\lenovo\Documents\Aplikasi\Portofolio\spku\vendor\codeigniter4\framework\system\CodeIgniter.php(326): CodeIgniter\CodeIgniter->handleRequest(NULL, Object(Config\Cache), false)
#4 C:\Users\lenovo\Documents\Aplikasi\Portofolio\spku\public\index.php(37): CodeIgniter\CodeIgniter->run()
#5 C:\Users\lenovo\Documents\Aplikasi\Portofolio\spku\vendor\codeigniter4\framework\system\Commands\Server\rewrite.php(43): require_once('C:\\Users\\lenovo...')
#6 {main}
CRITICAL - 2022-04-30 21:35:07 --> Undefined array key "nama"
#0 C:\Users\lenovo\Documents\Aplikasi\Portofolio\spku\app\Controllers\ProjectController.php(44): CodeIgniter\Debug\Exceptions->errorHandler(2, 'Undefined array...', 'C:\\Users\\lenovo...', 44)
#1 C:\Users\lenovo\Documents\Aplikasi\Portofolio\spku\vendor\codeigniter4\framework\system\CodeIgniter.php(832): App\Controllers\ProjectController->store()
#2 C:\Users\lenovo\Documents\Aplikasi\Portofolio\spku\vendor\codeigniter4\framework\system\CodeIgniter.php(419): CodeIgniter\CodeIgniter->runController(Object(App\Controllers\ProjectController))
#3 C:\Users\lenovo\Documents\Aplikasi\Portofolio\spku\vendor\codeigniter4\framework\system\CodeIgniter.php(326): CodeIgniter\CodeIgniter->handleRequest(NULL, Object(Config\Cache), false)
#4 C:\Users\lenovo\Documents\Aplikasi\Portofolio\spku\public\index.php(37): CodeIgniter\CodeIgniter->run()
#5 C:\Users\lenovo\Documents\Aplikasi\Portofolio\spku\vendor\codeigniter4\framework\system\Commands\Server\rewrite.php(43): require_once('C:\\Users\\lenovo...')
#6 {main}
CRITICAL - 2022-04-30 21:38:42 --> Undefined array key "metode"
#0 C:\Users\lenovo\Documents\Aplikasi\Portofolio\spku\app\Controllers\ProjectController.php(43): CodeIgniter\Debug\Exceptions->errorHandler(2, 'Undefined array...', 'C:\\Users\\lenovo...', 43)
#1 C:\Users\lenovo\Documents\Aplikasi\Portofolio\spku\vendor\codeigniter4\framework\system\CodeIgniter.php(832): App\Controllers\ProjectController->store()
#2 C:\Users\lenovo\Documents\Aplikasi\Portofolio\spku\vendor\codeigniter4\framework\system\CodeIgniter.php(419): CodeIgniter\CodeIgniter->runController(Object(App\Controllers\ProjectController))
#3 C:\Users\lenovo\Documents\Aplikasi\Portofolio\spku\vendor\codeigniter4\framework\system\CodeIgniter.php(326): CodeIgniter\CodeIgniter->handleRequest(NULL, Object(Config\Cache), false)
#4 C:\Users\lenovo\Documents\Aplikasi\Portofolio\spku\public\index.php(37): CodeIgniter\CodeIgniter->run()
#5 C:\Users\lenovo\Documents\Aplikasi\Portofolio\spku\vendor\codeigniter4\framework\system\Commands\Server\rewrite.php(43): require_once('C:\\Users\\lenovo...')
#6 {main}
CRITICAL - 2022-04-30 21:42:35 --> Undefined array key "metode"
#0 C:\Users\lenovo\Documents\Aplikasi\Portofolio\spku\app\Controllers\ProjectController.php(43): CodeIgniter\Debug\Exceptions->errorHandler(2, 'Undefined array...', 'C:\\Users\\lenovo...', 43)
#1 C:\Users\lenovo\Documents\Aplikasi\Portofolio\spku\vendor\codeigniter4\framework\system\CodeIgniter.php(832): App\Controllers\ProjectController->store()
#2 C:\Users\lenovo\Documents\Aplikasi\Portofolio\spku\vendor\codeigniter4\framework\system\CodeIgniter.php(419): CodeIgniter\CodeIgniter->runController(Object(App\Controllers\ProjectController))
#3 C:\Users\lenovo\Documents\Aplikasi\Portofolio\spku\vendor\codeigniter4\framework\system\CodeIgniter.php(326): CodeIgniter\CodeIgniter->handleRequest(NULL, Object(Config\Cache), false)
#4 C:\Users\lenovo\Documents\Aplikasi\Portofolio\spku\public\index.php(37): CodeIgniter\CodeIgniter->run()
#5 C:\Users\lenovo\Documents\Aplikasi\Portofolio\spku\vendor\codeigniter4\framework\system\Commands\Server\rewrite.php(43): require_once('C:\\Users\\lenovo...')
#6 {main}
ERROR - 2022-04-30 21:42:51 --> CONSTRAINT `project.deskripsi` failed for `app_spku`.`project`
CRITICAL - 2022-04-30 21:42:51 --> CONSTRAINT `project.deskripsi` failed for `app_spku`.`project`
#0 C:\Users\lenovo\Documents\Aplikasi\Portofolio\spku\vendor\codeigniter4\framework\system\Database\MySQLi\Connection.php(292): mysqli->query('INSERT INTO `pr...', 0)
#1 C:\Users\lenovo\Documents\Aplikasi\Portofolio\spku\vendor\codeigniter4\framework\system\Database\BaseConnection.php(670): CodeIgniter\Database\MySQLi\Connection->execute('INSERT INTO `pr...')
#2 C:\Users\lenovo\Documents\Aplikasi\Portofolio\spku\vendor\codeigniter4\framework\system\Database\BaseConnection.php(598): CodeIgniter\Database\BaseConnection->simpleQuery('INSERT INTO `pr...')
#3 C:\Users\lenovo\Documents\Aplikasi\Portofolio\spku\vendor\codeigniter4\framework\system\Database\BaseBuilder.php(1771): CodeIgniter\Database\BaseConnection->query('INSERT INTO `pr...', Array, false)
#4 C:\Users\lenovo\Documents\Aplikasi\Portofolio\spku\vendor\codeigniter4\framework\system\Model.php(239): CodeIgniter\Database\BaseBuilder->insert()
#5 C:\Users\lenovo\Documents\Aplikasi\Portofolio\spku\vendor\codeigniter4\framework\system\BaseModel.php(738): CodeIgniter\Model->doInsert(Array)
#6 C:\Users\lenovo\Documents\Aplikasi\Portofolio\spku\vendor\codeigniter4\framework\system\Model.php(625): CodeIgniter\BaseModel->insert(Array, true)
#7 C:\Users\lenovo\Documents\Aplikasi\Portofolio\spku\app\Controllers\ProjectController.php(46): CodeIgniter\Model->insert(Array)
#8 C:\Users\lenovo\Documents\Aplikasi\Portofolio\spku\vendor\codeigniter4\framework\system\CodeIgniter.php(832): App\Controllers\ProjectController->store()
#9 C:\Users\lenovo\Documents\Aplikasi\Portofolio\spku\vendor\codeigniter4\framework\system\CodeIgniter.php(419): CodeIgniter\CodeIgniter->runController(Object(App\Controllers\ProjectController))
#10 C:\Users\lenovo\Documents\Aplikasi\Portofolio\spku\vendor\codeigniter4\framework\system\CodeIgniter.php(326): CodeIgniter\CodeIgniter->handleRequest(NULL, Object(Config\Cache), false)
#11 C:\Users\lenovo\Documents\Aplikasi\Portofolio\spku\public\index.php(37): CodeIgniter\CodeIgniter->run()
#12 C:\Users\lenovo\Documents\Aplikasi\Portofolio\spku\vendor\codeigniter4\framework\system\Commands\Server\rewrite.php(43): require_once('C:\\Users\\lenovo...')
#13 {main}
ERROR - 2022-04-30 21:44:04 --> CONSTRAINT `project.deskripsi` failed for `app_spku`.`project`
CRITICAL - 2022-04-30 21:44:04 --> CONSTRAINT `project.deskripsi` failed for `app_spku`.`project`
#0 C:\Users\lenovo\Documents\Aplikasi\Portofolio\spku\vendor\codeigniter4\framework\system\Database\MySQLi\Connection.php(292): mysqli->query('INSERT INTO `pr...', 0)
#1 C:\Users\lenovo\Documents\Aplikasi\Portofolio\spku\vendor\codeigniter4\framework\system\Database\BaseConnection.php(670): CodeIgniter\Database\MySQLi\Connection->execute('INSERT INTO `pr...')
#2 C:\Users\lenovo\Documents\Aplikasi\Portofolio\spku\vendor\codeigniter4\framework\system\Database\BaseConnection.php(598): CodeIgniter\Database\BaseConnection->simpleQuery('INSERT INTO `pr...')
#3 C:\Users\lenovo\Documents\Aplikasi\Portofolio\spku\vendor\codeigniter4\framework\system\Database\BaseBuilder.php(1771): CodeIgniter\Database\BaseConnection->query('INSERT INTO `pr...', Array, false)
#4 C:\Users\lenovo\Documents\Aplikasi\Portofolio\spku\vendor\codeigniter4\framework\system\Model.php(239): CodeIgniter\Database\BaseBuilder->insert()
#5 C:\Users\lenovo\Documents\Aplikasi\Portofolio\spku\vendor\codeigniter4\framework\system\BaseModel.php(738): CodeIgniter\Model->doInsert(Array)
#6 C:\Users\lenovo\Documents\Aplikasi\Portofolio\spku\vendor\codeigniter4\framework\system\Model.php(625): CodeIgniter\BaseModel->insert(Array, true)
#7 C:\Users\lenovo\Documents\Aplikasi\Portofolio\spku\app\Controllers\ProjectController.php(46): CodeIgniter\Model->insert(Array)
#8 C:\Users\lenovo\Documents\Aplikasi\Portofolio\spku\vendor\codeigniter4\framework\system\CodeIgniter.php(832): App\Controllers\ProjectController->store()
#9 C:\Users\lenovo\Documents\Aplikasi\Portofolio\spku\vendor\codeigniter4\framework\system\CodeIgniter.php(419): CodeIgniter\CodeIgniter->runController(Object(App\Controllers\ProjectController))
#10 C:\Users\lenovo\Documents\Aplikasi\Portofolio\spku\vendor\codeigniter4\framework\system\CodeIgniter.php(326): CodeIgniter\CodeIgniter->handleRequest(NULL, Object(Config\Cache), false)
#11 C:\Users\lenovo\Documents\Aplikasi\Portofolio\spku\public\index.php(37): CodeIgniter\CodeIgniter->run()
#12 C:\Users\lenovo\Documents\Aplikasi\Portofolio\spku\vendor\codeigniter4\framework\system\Commands\Server\rewrite.php(43): require_once('C:\\Users\\lenovo...')
#13 {main}
CRITICAL - 2022-04-30 22:11:06 --> Undefined array key "nama"
#0 C:\Users\lenovo\Documents\Aplikasi\Portofolio\spku\app\Controllers\ProjectController.php(44): CodeIgniter\Debug\Exceptions->errorHandler(2, 'Undefined array...', 'C:\\Users\\lenovo...', 44)
#1 C:\Users\lenovo\Documents\Aplikasi\Portofolio\spku\vendor\codeigniter4\framework\system\CodeIgniter.php(832): App\Controllers\ProjectController->store()
#2 C:\Users\lenovo\Documents\Aplikasi\Portofolio\spku\vendor\codeigniter4\framework\system\CodeIgniter.php(419): CodeIgniter\CodeIgniter->runController(Object(App\Controllers\ProjectController))
#3 C:\Users\lenovo\Documents\Aplikasi\Portofolio\spku\vendor\codeigniter4\framework\system\CodeIgniter.php(326): CodeIgniter\CodeIgniter->handleRequest(NULL, Object(Config\Cache), false)
#4 C:\Users\lenovo\Documents\Aplikasi\Portofolio\spku\public\index.php(37): CodeIgniter\CodeIgniter->run()
#5 C:\Users\lenovo\Documents\Aplikasi\Portofolio\spku\vendor\codeigniter4\framework\system\Commands\Server\rewrite.php(43): require_once('C:\\Users\\lenovo...')
#6 {main}
CRITICAL - 2022-04-30 22:13:07 --> Undefined array key "nama"
#0 C:\Users\lenovo\Documents\Aplikasi\Portofolio\spku\app\Controllers\ProjectController.php(44): CodeIgniter\Debug\Exceptions->errorHandler(2, 'Undefined array...', 'C:\\Users\\lenovo...', 44)
#1 C:\Users\lenovo\Documents\Aplikasi\Portofolio\spku\vendor\codeigniter4\framework\system\CodeIgniter.php(832): App\Controllers\ProjectController->store()
#2 C:\Users\lenovo\Documents\Aplikasi\Portofolio\spku\vendor\codeigniter4\framework\system\CodeIgniter.php(419): CodeIgniter\CodeIgniter->runController(Object(App\Controllers\ProjectController))
#3 C:\Users\lenovo\Documents\Aplikasi\Portofolio\spku\vendor\codeigniter4\framework\system\CodeIgniter.php(326): CodeIgniter\CodeIgniter->handleRequest(NULL, Object(Config\Cache), false)
#4 C:\Users\lenovo\Documents\Aplikasi\Portofolio\spku\public\index.php(37): CodeIgniter\CodeIgniter->run()
#5 C:\Users\lenovo\Documents\Aplikasi\Portofolio\spku\vendor\codeigniter4\framework\system\Commands\Server\rewrite.php(43): require_once('C:\\Users\\lenovo...')
#6 {main}
CRITICAL - 2022-04-30 22:13:24 --> Undefined array key "nama"
#0 C:\Users\lenovo\Documents\Aplikasi\Portofolio\spku\app\Controllers\ProjectController.php(44): CodeIgniter\Debug\Exceptions->errorHandler(2, 'Undefined array...', 'C:\\Users\\lenovo...', 44)
#1 C:\Users\lenovo\Documents\Aplikasi\Portofolio\spku\vendor\codeigniter4\framework\system\CodeIgniter.php(832): App\Controllers\ProjectController->store()
#2 C:\Users\lenovo\Documents\Aplikasi\Portofolio\spku\vendor\codeigniter4\framework\system\CodeIgniter.php(419): CodeIgniter\CodeIgniter->runController(Object(App\Controllers\ProjectController))
#3 C:\Users\lenovo\Documents\Aplikasi\Portofolio\spku\vendor\codeigniter4\framework\system\CodeIgniter.php(326): CodeIgniter\CodeIgniter->handleRequest(NULL, Object(Config\Cache), false)
#4 C:\Users\lenovo\Documents\Aplikasi\Portofolio\spku\public\index.php(37): CodeIgniter\CodeIgniter->run()
#5 C:\Users\lenovo\Documents\Aplikasi\Portofolio\spku\vendor\codeigniter4\framework\system\Commands\Server\rewrite.php(43): require_once('C:\\Users\\lenovo...')
#6 {main}
CRITICAL - 2022-04-30 22:13:59 --> Undefined array key "nama"
#0 C:\Users\lenovo\Documents\Aplikasi\Portofolio\spku\app\Controllers\ProjectController.php(44): CodeIgniter\Debug\Exceptions->errorHandler(2, 'Undefined array...', 'C:\\Users\\lenovo...', 44)
#1 C:\Users\lenovo\Documents\Aplikasi\Portofolio\spku\vendor\codeigniter4\framework\system\CodeIgniter.php(832): App\Controllers\ProjectController->store()
#2 C:\Users\lenovo\Documents\Aplikasi\Portofolio\spku\vendor\codeigniter4\framework\system\CodeIgniter.php(419): CodeIgniter\CodeIgniter->runController(Object(App\Controllers\ProjectController))
#3 C:\Users\lenovo\Documents\Aplikasi\Portofolio\spku\vendor\codeigniter4\framework\system\CodeIgniter.php(326): CodeIgniter\CodeIgniter->handleRequest(NULL, Object(Config\Cache), false)
#4 C:\Users\lenovo\Documents\Aplikasi\Portofolio\spku\public\index.php(37): CodeIgniter\CodeIgniter->run()
#5 C:\Users\lenovo\Documents\Aplikasi\Portofolio\spku\vendor\codeigniter4\framework\system\Commands\Server\rewrite.php(43): require_once('C:\\Users\\lenovo...')
#6 {main}
CRITICAL - 2022-04-30 22:26:42 --> syntax error, unexpected token ";"
#0 C:\Users\lenovo\Documents\Aplikasi\Portofolio\spku\vendor\codeigniter4\framework\system\Autoloader\Autoloader.php(241): CodeIgniter\Autoloader\Autoloader->includeFile('C:\\Users\\lenovo...')
#1 C:\Users\lenovo\Documents\Aplikasi\Portofolio\spku\vendor\codeigniter4\framework\system\Autoloader\Autoloader.php(219): CodeIgniter\Autoloader\Autoloader->loadInNamespace('App\\Controllers...')
#2 [internal function]: CodeIgniter\Autoloader\Autoloader->loadClass('App\\Controllers...')
#3 C:\Users\lenovo\Documents\Aplikasi\Portofolio\spku\vendor\codeigniter4\framework\system\CodeIgniter.php(797): class_exists('\\App\\Controller...', true)
#4 C:\Users\lenovo\Documents\Aplikasi\Portofolio\spku\vendor\codeigniter4\framework\system\CodeIgniter.php(406): CodeIgniter\CodeIgniter->startController()
#5 C:\Users\lenovo\Documents\Aplikasi\Portofolio\spku\vendor\codeigniter4\framework\system\CodeIgniter.php(326): CodeIgniter\CodeIgniter->handleRequest(NULL, Object(Config\Cache), false)
#6 C:\Users\lenovo\Documents\Aplikasi\Portofolio\spku\public\index.php(37): CodeIgniter\CodeIgniter->run()
#7 C:\Users\lenovo\Documents\Aplikasi\Portofolio\spku\vendor\codeigniter4\framework\system\Commands\Server\rewrite.php(43): require_once('C:\\Users\\lenovo...')
#8 {main}
CRITICAL - 2022-04-30 22:27:19 --> Undefined array key "nama"
#0 C:\Users\lenovo\Documents\Aplikasi\Portofolio\spku\app\Controllers\ProjectController.php(44): CodeIgniter\Debug\Exceptions->errorHandler(2, 'Undefined array...', 'C:\\Users\\lenovo...', 44)
#1 C:\Users\lenovo\Documents\Aplikasi\Portofolio\spku\vendor\codeigniter4\framework\system\CodeIgniter.php(832): App\Controllers\ProjectController->store()
#2 C:\Users\lenovo\Documents\Aplikasi\Portofolio\spku\vendor\codeigniter4\framework\system\CodeIgniter.php(419): CodeIgniter\CodeIgniter->runController(Object(App\Controllers\ProjectController))
#3 C:\Users\lenovo\Documents\Aplikasi\Portofolio\spku\vendor\codeigniter4\framework\system\CodeIgniter.php(326): CodeIgniter\CodeIgniter->handleRequest(NULL, Object(Config\Cache), false)
#4 C:\Users\lenovo\Documents\Aplikasi\Portofolio\spku\public\index.php(37): CodeIgniter\CodeIgniter->run()
#5 C:\Users\lenovo\Documents\Aplikasi\Portofolio\spku\vendor\codeigniter4\framework\system\Commands\Server\rewrite.php(43): require_once('C:\\Users\\lenovo...')
#6 {main}
CRITICAL - 2022-04-30 22:28:13 --> Undefined array key "nama"
#0 C:\Users\lenovo\Documents\Aplikasi\Portofolio\spku\app\Controllers\ProjectController.php(44): CodeIgniter\Debug\Exceptions->errorHandler(2, 'Undefined array...', 'C:\\Users\\lenovo...', 44)
#1 C:\Users\lenovo\Documents\Aplikasi\Portofolio\spku\vendor\codeigniter4\framework\system\CodeIgniter.php(832): App\Controllers\ProjectController->store()
#2 C:\Users\lenovo\Documents\Aplikasi\Portofolio\spku\vendor\codeigniter4\framework\system\CodeIgniter.php(419): CodeIgniter\CodeIgniter->runController(Object(App\Controllers\ProjectController))
#3 C:\Users\lenovo\Documents\Aplikasi\Portofolio\spku\vendor\codeigniter4\framework\system\CodeIgniter.php(326): CodeIgniter\CodeIgniter->handleRequest(NULL, Object(Config\Cache), false)
#4 C:\Users\lenovo\Documents\Aplikasi\Portofolio\spku\public\index.php(37): CodeIgniter\CodeIgniter->run()
#5 C:\Users\lenovo\Documents\Aplikasi\Portofolio\spku\vendor\codeigniter4\framework\system\Commands\Server\rewrite.php(43): require_once('C:\\Users\\lenovo...')
#6 {main}
ERROR - 2022-04-30 22:29:50 --> CONSTRAINT `project.deskripsi` failed for `app_spku`.`project`
CRITICAL - 2022-04-30 22:37:02 --> Undefined array key "nama"
#0 C:\Users\lenovo\Documents\Aplikasi\Portofolio\spku\app\Controllers\ProjectController.php(44): CodeIgniter\Debug\Exceptions->errorHandler(2, 'Undefined array...', 'C:\\Users\\lenovo...', 44)
#1 C:\Users\lenovo\Documents\Aplikasi\Portofolio\spku\vendor\codeigniter4\framework\system\CodeIgniter.php(832): App\Controllers\ProjectController->store()
#2 C:\Users\lenovo\Documents\Aplikasi\Portofolio\spku\vendor\codeigniter4\framework\system\CodeIgniter.php(419): CodeIgniter\CodeIgniter->runController(Object(App\Controllers\ProjectController))
#3 C:\Users\lenovo\Documents\Aplikasi\Portofolio\spku\vendor\codeigniter4\framework\system\CodeIgniter.php(326): CodeIgniter\CodeIgniter->handleRequest(NULL, Object(Config\Cache), false)
#4 C:\Users\lenovo\Documents\Aplikasi\Portofolio\spku\public\index.php(37): CodeIgniter\CodeIgniter->run()
#5 C:\Users\lenovo\Documents\Aplikasi\Portofolio\spku\vendor\codeigniter4\framework\system\Commands\Server\rewrite.php(43): require_once('C:\\Users\\lenovo...')
#6 {main}
CRITICAL - 2022-04-30 22:37:16 --> Undefined array key "nama"
#0 C:\Users\lenovo\Documents\Aplikasi\Portofolio\spku\app\Controllers\ProjectController.php(44): CodeIgniter\Debug\Exceptions->errorHandler(2, 'Undefined array...', 'C:\\Users\\lenovo...', 44)
#1 C:\Users\lenovo\Documents\Aplikasi\Portofolio\spku\vendor\codeigniter4\framework\system\CodeIgniter.php(832): App\Controllers\ProjectController->store()
#2 C:\Users\lenovo\Documents\Aplikasi\Portofolio\spku\vendor\codeigniter4\framework\system\CodeIgniter.php(419): CodeIgniter\CodeIgniter->runController(Object(App\Controllers\ProjectController))
#3 C:\Users\lenovo\Documents\Aplikasi\Portofolio\spku\vendor\codeigniter4\framework\system\CodeIgniter.php(326): CodeIgniter\CodeIgniter->handleRequest(NULL, Object(Config\Cache), false)
#4 C:\Users\lenovo\Documents\Aplikasi\Portofolio\spku\public\index.php(37): CodeIgniter\CodeIgniter->run()
#5 C:\Users\lenovo\Documents\Aplikasi\Portofolio\spku\vendor\codeigniter4\framework\system\Commands\Server\rewrite.php(43): require_once('C:\\Users\\lenovo...')
#6 {main}
CRITICAL - 2022-04-30 22:38:11 --> Undefined array key "nama"
#0 C:\Users\lenovo\Documents\Aplikasi\Portofolio\spku\app\Controllers\ProjectController.php(44): CodeIgniter\Debug\Exceptions->errorHandler(2, 'Undefined array...', 'C:\\Users\\lenovo...', 44)
#1 C:\Users\lenovo\Documents\Aplikasi\Portofolio\spku\vendor\codeigniter4\framework\system\CodeIgniter.php(832): App\Controllers\ProjectController->store()
#2 C:\Users\lenovo\Documents\Aplikasi\Portofolio\spku\vendor\codeigniter4\framework\system\CodeIgniter.php(419): CodeIgniter\CodeIgniter->runController(Object(App\Controllers\ProjectController))
#3 C:\Users\lenovo\Documents\Aplikasi\Portofolio\spku\vendor\codeigniter4\framework\system\CodeIgniter.php(326): CodeIgniter\CodeIgniter->handleRequest(NULL, Object(Config\Cache), false)
#4 C:\Users\lenovo\Documents\Aplikasi\Portofolio\spku\public\index.php(37): CodeIgniter\CodeIgniter->run()
#5 C:\Users\lenovo\Documents\Aplikasi\Portofolio\spku\vendor\codeigniter4\framework\system\Commands\Server\rewrite.php(43): require_once('C:\\Users\\lenovo...')
#6 {main}
CRITICAL - 2022-04-30 23:08:40 --> preg_replace(): Unknown modifier 'g'
#0 [internal function]: CodeIgniter\Debug\Exceptions->errorHandler(2, 'preg_replace():...', 'C:\\Users\\lenovo...', 28)
#1 C:\Users\lenovo\Documents\Aplikasi\Portofolio\spku\app\Controllers\ProjectController.php(28): preg_replace('/\\s\\s+/g', '|', 'n      a b     ...')
#2 C:\Users\lenovo\Documents\Aplikasi\Portofolio\spku\vendor\codeigniter4\framework\system\CodeIgniter.php(832): App\Controllers\ProjectController->store()
#3 C:\Users\lenovo\Documents\Aplikasi\Portofolio\spku\vendor\codeigniter4\framework\system\CodeIgniter.php(419): CodeIgniter\CodeIgniter->runController(Object(App\Controllers\ProjectController))
#4 C:\Users\lenovo\Documents\Aplikasi\Portofolio\spku\vendor\codeigniter4\framework\system\CodeIgniter.php(326): CodeIgniter\CodeIgniter->handleRequest(NULL, Object(Config\Cache), false)
#5 C:\Users\lenovo\Documents\Aplikasi\Portofolio\spku\public\index.php(37): CodeIgniter\CodeIgniter->run()
#6 C:\Users\lenovo\Documents\Aplikasi\Portofolio\spku\vendor\codeigniter4\framework\system\Commands\Server\rewrite.php(43): require_once('C:\\Users\\lenovo...')
#7 {main}
